<?xml version="1.0" encoding="UTF-8"?>
<testng-results ignored="0" total="1" passed="1" failed="0" skipped="0">
  <reporter-output>
  </reporter-output>
  <suite started-at="2019-09-03T22:43:05Z" name="BDD Test Suite" finished-at="2019-09-03T22:45:23Z" duration-ms="138971">
    <groups>
      <group name="cucumber">
        <method signature="AbstractTestNGCucumberTests.feature(cucumber.api.testng.CucumberFeatureWrapper)[pri:0, instance:com.travelocity.runner.AbstractCucumberRunner@322803db]" name="feature" class="cucumber.api.testng.AbstractTestNGCucumberTests"/>
      </group> <!-- cucumber -->
    </groups>
    <test started-at="2019-09-03T22:43:05Z" name="Travelocity test" finished-at="2019-09-03T22:45:23Z" duration-ms="138971">
      <class name="com.travelocity.runner.AbstractCucumberRunner">
        <test-method is-config="true" signature="setUpClass()[pri:0, instance:com.travelocity.runner.AbstractCucumberRunner@322803db]" started-at="2019-09-03T22:43:05Z" name="setUpClass" finished-at="2019-09-03T22:43:05Z" duration-ms="598" status="PASS">
          <reporter-output>
          </reporter-output>
        </test-method> <!-- setUpClass -->
        <test-method signature="feature(cucumber.api.testng.CucumberFeatureWrapper)[pri:0, instance:com.travelocity.runner.AbstractCucumberRunner@322803db]" started-at="2019-09-03T22:43:05Z" name="feature" description="Runs Cucumber Feature" data-provider="features" finished-at="2019-09-03T22:45:23Z" duration-ms="137454" status="PASS">
          <params>
            <param index="0">
              <value>
                <![CDATA[Base Booking]]>
              </value>
            </param>
          </params>
          <reporter-output>
          </reporter-output>
        </test-method> <!-- feature -->
        <test-method is-config="true" signature="tearDownClass()[pri:0, instance:com.travelocity.runner.AbstractCucumberRunner@322803db]" started-at="2019-09-03T22:45:23Z" name="tearDownClass" finished-at="2019-09-03T22:45:23Z" duration-ms="615" status="PASS">
          <reporter-output>
          </reporter-output>
        </test-method> <!-- tearDownClass -->
      </class> <!-- com.travelocity.runner.AbstractCucumberRunner -->
    </test> <!-- Travelocity test -->
  </suite> <!-- BDD Test Suite -->
</testng-results>
