<?xml version="1.0" encoding="UTF-8"?>
<testng-results ignored="0" total="1" passed="1" failed="0" skipped="0">
  <reporter-output>
  </reporter-output>
  <suite started-at="2019-09-05T23:33:20Z" name="Default suite" finished-at="2019-09-05T23:34:04Z" duration-ms="44206">
    <groups>
      <group name="cucumber">
        <method signature="AbstractTestNGCucumberTests.feature(cucumber.api.testng.CucumberFeatureWrapper)[pri:0, instance:com.travelocity.runner.AbstractCucumberRunner@352c1b98]" name="feature" class="cucumber.api.testng.AbstractTestNGCucumberTests"/>
      </group> <!-- cucumber -->
    </groups>
    <test started-at="2019-09-05T23:33:20Z" name="Default test" finished-at="2019-09-05T23:34:04Z" duration-ms="44206">
      <class name="com.travelocity.runner.AbstractCucumberRunner">
        <test-method is-config="true" signature="setUpClass()[pri:0, instance:com.travelocity.runner.AbstractCucumberRunner@352c1b98]" started-at="2019-09-05T23:33:20Z" name="setUpClass" finished-at="2019-09-05T23:33:20Z" duration-ms="264" status="PASS">
          <reporter-output>
          </reporter-output>
        </test-method> <!-- setUpClass -->
        <test-method signature="feature(cucumber.api.testng.CucumberFeatureWrapper)[pri:0, instance:com.travelocity.runner.AbstractCucumberRunner@352c1b98]" started-at="2019-09-05T23:33:20Z" name="feature" description="Runs Cucumber Feature" data-provider="features" finished-at="2019-09-05T23:34:04Z" duration-ms="43715" status="PASS">
          <params>
            <param index="0">
              <value>
                <![CDATA[Login]]>
              </value>
            </param>
          </params>
          <reporter-output>
          </reporter-output>
        </test-method> <!-- feature -->
        <test-method is-config="true" signature="tearDownClass()[pri:0, instance:com.travelocity.runner.AbstractCucumberRunner@352c1b98]" started-at="2019-09-05T23:34:04Z" name="tearDownClass" finished-at="2019-09-05T23:34:04Z" duration-ms="42" status="PASS">
          <reporter-output>
          </reporter-output>
        </test-method> <!-- tearDownClass -->
      </class> <!-- com.travelocity.runner.AbstractCucumberRunner -->
    </test> <!-- Default test -->
  </suite> <!-- Default suite -->
</testng-results>
